{"level":30,"time":"2026-02-25T16:30:56.967Z","pid":16596,"hostname":"Putra","url":"https://music.youtube.com/","isDangerous":false,"finalScore":0,"sender":"130881108844548@lid","msg":"Link scanned"}
{"level":30,"time":"2026-02-25T16:37:16.226Z","pid":25660,"hostname":"Putra","url":"https://music.youtube.com/","isDangerous":false,"finalScore":0,"sender":"130881108844548@lid","msg":"Link scanned"}
{"level":30,"time":"2026-02-25T22:47:10.199Z","pid":9604,"hostname":"Putra","url":"https://goers.co/soundgroovefestivalvol3","isDangerous":false,"finalScore":10,"sender":"130881108844548@lid","msg":"Link scanned"}
{"level":30,"time":"2026-02-25T22:53:12.733Z","pid":9604,"hostname":"Putra","fileName":"1ijatestvir.pdf","riskLevel":"BAHAYA","isDangerous":true,"sender":"130881108844548@lid","msg":"File scanned"}
{"level":30,"time":"2026-02-25T23:00:26.099Z","pid":26976,"hostname":"Putra","fileName":"1369670.zip","riskLevel":"AMAN","isDangerous":false,"sender":"130881108844548@lid","msg":"File scanned"}
{"level":30,"time":"2026-02-25T23:01:12.342Z","pid":26976,"hostname":"Putra","fileName":"CV.pdf","riskLevel":"BAHAYA","isDangerous":true,"sender":"130881108844548@lid","msg":"File scanned"}
{"level":30,"time":"2026-02-25T23:02:04.369Z","pid":26976,"hostname":"Putra","fileName":"porto..pdf","riskLevel":"BAHAYA","isDangerous":true,"sender":"130881108844548@lid","msg":"File scanned"}
{"level":30,"time":"2026-02-25T23:22:03.322Z","pid":24612,"hostname":"Putra","fileName":"Turnbackhoax.id-REST-API-master.zip","riskLevel":"AMAN","isDangerous":false,"sender":"130881108844548@lid","msg":"File scanned"}
{"level":30,"time":"2026-02-25T23:25:23.012Z","pid":26372,"hostname":"Putra","fileName":"Turnbackhoax.id-REST-API-master.zip","riskLevel":"AMAN","isDangerous":false,"sender":"130881108844548@lid","msg":"File scanned"}
{"level":30,"time":"2026-02-25T23:28:30.953Z","pid":10708,"hostname":"Putra","fileName":"Turnbackhoax.id-REST-API-master.zip","riskLevel":"AMAN","isDangerous":false,"sender":"130881108844548@lid","msg":"File scanned"}
{"level":30,"time":"2026-02-25T23:30:03.366Z","pid":26328,"hostname":"Putra","fileName":"Turnbackhoax.id-REST-API-master.zip","riskLevel":"AMAN","isDangerous":false,"sender":"130881108844548@lid","msg":"File scanned"}
{"level":30,"time":"2026-02-25T23:31:39.262Z","pid":26328,"hostname":"Putra","url":"https://aistudio.google.com/u/1/api-keys?pli=1","isDangerous":false,"finalScore":0,"sender":"130881108844548@lid","msg":"Link scanned"}
{"level":30,"time":"2026-02-25T23:37:28.628Z","pid":23528,"hostname":"Putra","url":"https://aistudio.google.com/u/1/api-keys?pli=1","isDangerous":false,"finalScore":0,"sender":"130881108844548@lid","msg":"Link scanned"}
{"level":30,"time":"2026-02-25T23:37:52.849Z","pid":23528,"hostname":"Putra","fileName":"1ijatestvir.pdf","riskLevel":"BAHAYA","isDangerous":true,"sender":"130881108844548@lid","msg":"File scanned"}
{"level":30,"time":"2026-02-25T23:39:06.892Z","pid":23528,"hostname":"Putra","url":"https://www.neraka33v2.com/","isDangerous":true,"finalScore":60,"sender":"130881108844548@lid","msg":"Link scanned"}
{"level":30,"time":"2026-02-25T23:40:38.224Z","pid":23528,"hostname":"Putra","url":"https://www.neraka33v2.com/","isDangerous":true,"finalScore":120,"sender":"130881108844548@lid","msg":"Link scanned"}
{"level":30,"time":"2026-02-25T23:47:29.096Z","pid":22936,"hostname":"Putra","url":"https://aistudio.google.com/u/1/api-keys?pli=1","isDangerous":false,"finalScore":0,"sender":"130881108844548@lid","msg":"Link scanned"}
{"level":30,"time":"2026-02-25T23:47:52.831Z","pid":22936,"hostname":"Putra","url":"https://aistudio.google.com/u/1/api-keys?pli=1","isDangerous":false,"finalScore":0,"sender":"130881108844548@lid","msg":"Link scanned"}
{"level":30,"time":"2026-02-25T23:48:27.622Z","pid":22936,"hostname":"Putra","url":"https://iotdriver.qmk.top/","isDangerous":false,"finalScore":35,"sender":"130881108844548@lid","msg":"Link scanned"}
{"level":30,"time":"2026-02-25T23:56:55.959Z","pid":25624,"hostname":"Putra","url":"https://iotdriver.qmk.top/","isDangerous":false,"finalScore":35,"sender":"130881108844548@lid","msg":"Link scanned"}
{"level":30,"time":"2026-02-26T00:01:00.964Z","pid":22440,"hostname":"Putra","url":"https://iotdriver.qmk.top/","isDangerous":false,"finalScore":35,"sender":"130881108844548@lid","msg":"Link scanned"}
{"level":30,"time":"2026-02-26T00:13:44.989Z","pid":22440,"hostname":"Putra","fileName":"UndanganPernikahan.pdf.apk","riskLevel":"BAHAYA","isDangerous":true,"sender":"130881108844548@lid","msg":"File scanned"}
{"level":30,"time":"2026-02-26T01:58:01.711Z","pid":20964,"hostname":"Putra","url":"https://secure.webmail-optusnetau.gserpokiamnsoptu...","isDangerous":false,"finalScore":30,"sender":"130881108844548@lid","msg":"Link scanned"}
{"level":30,"time":"2026-02-26T01:59:08.684Z","pid":20964,"hostname":"Putra","url":"https://id-lonos.de.eduthinker.phd/identifier-8fg5cn84gxf68356hfx35jg6...","isDangerous":false,"finalScore":25,"sender":"130881108844548@lid","msg":"Link scanned"}
{"level":30,"time":"2026-02-26T01:59:35.512Z","pid":20964,"hostname":"Putra","url":"https://bafamilinga.netlify.app/?gad_source=1&gad_campaignid=23578...","isDangerous":false,"finalScore":15,"sender":"130881108844548@lid","msg":"Link scanned"}
{"level":30,"time":"2026-02-26T02:16:08.388Z","pid":8252,"hostname":"Putra","url":"https://bafamilinga.netlify.app/?gad_source=1&gad_campaignid=23578...","isDangerous":true,"finalScore":55,"sender":"130881108844548@lid","msg":"Link scanned"}
{"level":30,"time":"2026-02-26T02:25:18.982Z","pid":12312,"hostname":"Putra","url":"https://bafamilinga.netlify.app/?gad_source=1&gad_campaignid=23578...","isDangerous":true,"finalScore":85,"sender":"130881108844548@lid","msg":"Link scanned"}
{"level":30,"time":"2026-02-26T02:26:15.218Z","pid":12312,"hostname":"Putra","url":"https://www.phishtank.com/phish_archive.php","isDangerous":false,"finalScore":45,"sender":"130881108844548@lid","msg":"Link scanned"}
{"level":30,"time":"2026-02-26T02:26:35.578Z","pid":12312,"hostname":"Putra","url":"https://www.youtube.com/","isDangerous":true,"finalScore":60,"sender":"130881108844548@lid","msg":"Link scanned"}
{"level":30,"time":"2026-02-26T02:31:48.106Z","pid":15532,"hostname":"Putra","url":"https://www.phishtank.com/phish_archive.php","isDangerous":false,"finalScore":45,"sender":"130881108844548@lid","msg":"Link scanned"}
{"level":30,"time":"2026-02-26T02:32:38.639Z","pid":15532,"hostname":"Putra","url":"https://www.youtube.com/","isDangerous":false,"finalScore":0,"sender":"130881108844548@lid","msg":"Link scanned"}
{"level":30,"time":"2026-02-26T02:33:28.560Z","pid":15532,"hostname":"Putra","url":"https://zadeyiniz.z19.web.core.windows.net/","isDangerous":false,"finalScore":0,"sender":"130881108844548@lid","msg":"Link scanned"}
{"level":30,"time":"2026-02-26T02:33:41.636Z","pid":15532,"hostname":"Putra","url":"https://forms.gle/PNtsd8A2o79vU4wS8","isDangerous":true,"finalScore":215,"sender":"130881108844548@lid","msg":"Link scanned"}
{"level":30,"time":"2026-02-26T02:48:35.421Z","pid":8232,"hostname":"Putra","url":"https://bafamilinga.netlify.app/?gad_source=1&gad_campaignid=23578...","isDangerous":true,"finalScore":640,"sender":"130881108844548@lid","msg":"Link scanned"}
{"level":30,"time":"2026-02-26T02:49:53.346Z","pid":7596,"hostname":"Putra","url":"https://bafamilinga.netlify.app/?gad_source=1&gad_campaignid=23578...","isDangerous":true,"finalScore":625,"sender":"130881108844548@lid","msg":"Link scanned"}
{"level":30,"time":"2026-02-26T02:50:23.547Z","pid":7596,"hostname":"Putra","url":"https://www.youtube.com/","isDangerous":false,"finalScore":0,"sender":"130881108844548@lid","msg":"Link scanned"}
{"level":30,"time":"2026-02-26T03:01:49.776Z","pid":7596,"hostname":"Putra","fileName":"UndanganPernikahan.pdf.apk","riskLevel":"BAHAYA","isDangerous":true,"sender":"130881108844548@lid","msg":"File scanned"}
{"level":30,"time":"2026-02-26T03:02:55.487Z","pid":7596,"hostname":"Putra","fileName":"UndanganPernikahan.pdf.apk","riskLevel":"BAHAYA","isDangerous":true,"sender":"130881108844548@lid","msg":"File scanned"}
{"level":30,"time":"2026-02-26T03:05:06.525Z","pid":7596,"hostname":"Putra","url":"https://bafamilinga.netlify.app/?gad_source=1&gad_campaignid=23578...","isDangerous":true,"finalScore":100,"sender":"130881108844548@lid","msg":"Link scanned"}
{"level":30,"time":"2026-02-26T03:13:36.805Z","pid":22040,"hostname":"Putra","fileName":"UndanganPernikahan.pdf.apk","riskLevel":"BAHAYA","isDangerous":true,"sender":"130881108844548@lid","msg":"File scanned"}
{"level":30,"time":"2026-02-26T03:13:57.309Z","pid":22040,"hostname":"Putra","url":"https://bafamilinga.netlify.app/?gad_source=1&gad_campaignid=23578...","isDangerous":true,"finalScore":625,"sender":"130881108844548@lid","msg":"Link scanned"}
{"level":30,"time":"2026-02-26T03:18:15.371Z","pid":22040,"hostname":"Putra","url":"https://secure00x7-upgrade.cfd/index.html#kojin@plala.or.jp...","isDangerous":false,"finalScore":10,"sender":"130881108844548@lid","msg":"Link scanned"}
{"level":30,"time":"2026-02-26T03:18:34.151Z","pid":22040,"hostname":"Putra","url":"https://nidilinuf.z7.web.core.windows.net/","isDangerous":true,"finalScore":80,"sender":"130881108844548@lid","msg":"Link scanned"}
{"level":30,"time":"2026-02-26T03:59:48.700Z","pid":14332,"hostname":"Putra","url":"https://bafamilinga.netlify.app/?gad_source=1&gad_campaignid=23578...","isDangerous":true,"finalScore":100,"sender":"130881108844548@lid","msg":"Link scanned"}
{"level":30,"time":"2026-02-26T04:00:46.283Z","pid":14332,"hostname":"Putra","fileName":"UndanganPernikahan.pdf.apk","riskLevel":"BAHAYA","isDangerous":true,"sender":"130881108844548@lid","msg":"File scanned"}
{"level":30,"time":"2026-02-26T04:02:47.992Z","pid":14332,"hostname":"Putra","fileName":"UndanganPernikahan.pdf.apk","riskLevel":"BAHAYA","isDangerous":true,"sender":"130881108844548@lid","msg":"File scanned"}
{"level":30,"time":"2026-02-26T04:03:24.206Z","pid":14332,"hostname":"Putra","fileName":"1369670.zip","riskLevel":"AMAN","isDangerous":false,"sender":"130881108844548@lid","msg":"File scanned"}
{"level":30,"time":"2026-02-26T04:04:10.435Z","pid":14332,"hostname":"Putra","url":"https://nidilinuf.z7.web.core.windows.net/","isDangerous":true,"finalScore":95,"sender":"130881108844548@lid","msg":"Link scanned"}
{"level":30,"time":"2026-02-26T04:21:23.124Z","pid":14332,"hostname":"Putra","fileName":"Turnbackhoax.id-REST-API-master.zip","riskLevel":"AMAN","isDangerous":false,"sender":"130881108844548@lid","msg":"File scanned"}
{"level":30,"time":"2026-02-26T04:25:37.877Z","pid":14332,"hostname":"Putra","fileName":"abc.apk","riskLevel":"WARNING","isDangerous":true,"sender":"130881108844548@lid","msg":"File scanned"}
